# JRE version: OpenJDK Runtime Environment (11.0+28) (build 11+28)
# Java VM: OpenJDK 64-Bit Server VM (11+28, mixed mode, tiered, compressed oops, g1 gc, windows-amd64)
Heap:
 garbage-first heap   total 16384K, used 945K [0x00000000ff000000, 0x0000000100000000)
  region size 1024K, 1 young (1024K), 0 survivors (0K)
 Metaspace       used 6551K, capacity 6603K, committed 6784K, reserved 1056768K
  class space    used 576K, capacity 602K, committed 640K, reserved 1048576K
GC Heap History (8 events):
Event: 0.158 GC heap before
{Heap before GC invocations=0 (full 0):
 garbage-first heap   total 16384K, used 2048K [0x00000000ff000000, 0x0000000100000000)
  region size 1024K, 3 young (3072K), 0 survivors (0K)
 Metaspace       used 6486K, capacity 6539K, committed 6784K, reserved 1056768K
  class space    used 570K, capacity 602K, committed 640K, reserved 1048576K
}
Event: 0.161 GC heap after
{Heap after GC invocations=1 (full 0):
 garbage-first heap   total 16384K, used 983K [0x00000000ff000000, 0x0000000100000000)
  region size 1024K, 1 young (1024K), 1 survivors (1024K)
 Metaspace       used 6486K, capacity 6539K, committed 6784K, reserved 1056768K
  class space    used 570K, capacity 602K, committed 640K, reserved 1048576K
}
Event: 0.161 GC heap before
{Heap before GC invocations=1 (full 0):
 garbage-first heap   total 16384K, used 983K [0x00000000ff000000, 0x0000000100000000)
  region size 1024K, 1 young (1024K), 1 survivors (1024K)
 Metaspace       used 6486K, capacity 6539K, committed 6784K, reserved 1056768K
  class space    used 570K, capacity 602K, committed 640K, reserved 1048576K
}
Event: 0.163 GC heap after
{Heap after GC invocations=2 (full 0):
 garbage-first heap   total 16384K, used 1023K [0x00000000ff000000, 0x0000000100000000)
  region size 1024K, 1 young (1024K), 1 survivors (1024K)
 Metaspace       used 6486K, capacity 6539K, committed 6784K, reserved 1056768K
  class space    used 570K, capacity 602K, committed 640K, reserved 1048576K
}
Event: 0.164 GC heap before
{Heap before GC invocations=2 (full 0):
 garbage-first heap   total 16384K, used 1023K [0x00000000ff000000, 0x0000000100000000)
  region size 1024K, 1 young (1024K), 1 survivors (1024K)
 Metaspace       used 6486K, capacity 6539K, committed 6784K, reserved 1056768K
  class space    used 570K, capacity 602K, committed 640K, reserved 1048576K
}
Event: 0.168 GC heap after
{Heap after GC invocations=3 (full 1):
 garbage-first heap   total 16384K, used 959K [0x00000000ff000000, 0x0000000100000000)
  region size 1024K, 0 young (0K), 0 survivors (0K)
 Metaspace       used 6486K, capacity 6539K, committed 6784K, reserved 1056768K
  class space    used 570K, capacity 602K, committed 640K, reserved 1048576K
}
Event: 0.169 GC heap before
{Heap before GC invocations=3 (full 1):
 garbage-first heap   total 16384K, used 959K [0x00000000ff000000, 0x0000000100000000)
  region size 1024K, 0 young (0K), 0 survivors (0K)
 Metaspace       used 6486K, capacity 6539K, committed 6784K, reserved 1056768K
  class space    used 570K, capacity 602K, committed 640K, reserved 1048576K
}
Event: 0.172 GC heap after
{Heap after GC invocations=4 (full 2):
 garbage-first heap   total 16384K, used 945K [0x00000000ff000000, 0x0000000100000000)
  region size 1024K, 0 young (0K), 0 survivors (0K)
 Metaspace       used 6486K, capacity 6539K, committed 6784K, reserved 1056768K
  class space    used 570K, capacity 602K, committed 640K, reserved 1048576K
}

